<?xml version="1.0" encoding="UTF-8"?>
<!-- Generated by org.testng.reporters.JUnitReportReporter -->
<testsuite hostname="Bharath-PC" failures="0" tests="1" name="grid.RRTest" time="16.115" errors="0" timestamp="2024-11-09T18:16:09 IST" skipped="0">
  <testcase classname="grid.RRTest" name="HomePageCheck" time="16.115"/>
  <system-out/>
</testsuite> <!-- grid.RRTest -->
